<?xml version="1.0" encoding="UTF-8"?>
<testsuite name="com.chap2.book.springboot.web.HelloControllerTest" tests="2" skipped="0" failures="0" errors="0" timestamp="2021-07-31T19:05:28" hostname="Jinseoui-MacBookAir.local" time="0.29">
  <properties/>
  <testcase name="hello가_리턴된다" classname="com.chap2.book.springboot.web.HelloControllerTest" time="0.194"/>
  <testcase name="helloDto가_리턴된다" classname="com.chap2.book.springboot.web.HelloControllerTest" time="0.092"/>
  <system-out><![CDATA[04:05:23.905 [Test worker] DEBUG org.springframework.test.context.junit4.SpringJUnit4ClassRunner - SpringJUnit4ClassRunner constructor called with [class com.chap2.book.springboot.web.HelloControllerTest]
04:05:23.910 [Test worker] DEBUG org.springframework.test.context.BootstrapUtils - Instantiating CacheAwareContextLoaderDelegate from class [org.springframework.test.context.cache.DefaultCacheAwareContextLoaderDelegate]
04:05:23.916 [Test worker] DEBUG org.springframework.test.context.BootstrapUtils - Instantiating BootstrapContext using constructor [public org.springframework.test.context.support.DefaultBootstrapContext(java.lang.Class,org.springframework.test.context.CacheAwareContextLoaderDelegate)]
04:05:23.958 [Test worker] DEBUG org.springframework.test.context.BootstrapUtils - Instantiating TestContextBootstrapper for test class [com.chap2.book.springboot.web.HelloControllerTest] from class [org.springframework.boot.test.autoconfigure.web.servlet.WebMvcTestContextBootstrapper]
04:05:23.976 [Test worker] INFO org.springframework.boot.test.autoconfigure.web.servlet.WebMvcTestContextBootstrapper - Neither @ContextConfiguration nor @ContextHierarchy found for test class [com.chap2.book.springboot.web.HelloControllerTest], using SpringBootContextLoader
04:05:23.978 [Test worker] DEBUG org.springframework.test.context.support.AbstractContextLoader - Did not detect default resource location for test class [com.chap2.book.springboot.web.HelloControllerTest]: class path resource [com/chap2/book/springboot/web/HelloControllerTest-context.xml] does not exist
04:05:23.978 [Test worker] DEBUG org.springframework.test.context.support.AbstractContextLoader - Did not detect default resource location for test class [com.chap2.book.springboot.web.HelloControllerTest]: class path resource [com/chap2/book/springboot/web/HelloControllerTestContext.groovy] does not exist
04:05:23.978 [Test worker] INFO org.springframework.test.context.support.AbstractContextLoader - Could not detect default resource locations for test class [com.chap2.book.springboot.web.HelloControllerTest]: no resource found for suffixes {-context.xml, Context.groovy}.
04:05:23.979 [Test worker] INFO org.springframework.test.context.support.AnnotationConfigContextLoaderUtils - Could not detect default configuration classes for test class [com.chap2.book.springboot.web.HelloControllerTest]: HelloControllerTest does not declare any static, non-private, non-final, nested classes annotated with @Configuration.
04:05:24.123 [Test worker] DEBUG org.springframework.test.context.support.ActiveProfilesUtils - Could not find an 'annotation declaring class' for annotation type [org.springframework.test.context.ActiveProfiles] and class [com.chap2.book.springboot.web.HelloControllerTest]
04:05:24.234 [Test worker] DEBUG org.springframework.context.annotation.ClassPathScanningCandidateComponentProvider - Identified candidate component class: file [/Users/james/Desktop/springboot_workspace/build/classes/java/main/com/chap2/book/springboot/Application.class]
04:05:24.239 [Test worker] INFO org.springframework.boot.test.context.SpringBootTestContextBootstrapper - Found @SpringBootConfiguration com.chap2.book.springboot.Application for test class com.chap2.book.springboot.web.HelloControllerTest
04:05:24.241 [Test worker] DEBUG org.springframework.boot.test.autoconfigure.web.servlet.WebMvcTestContextBootstrapper - @TestExecutionListeners is not present for class [com.chap2.book.springboot.web.HelloControllerTest]: using defaults.
04:05:24.242 [Test worker] INFO org.springframework.boot.test.autoconfigure.web.servlet.WebMvcTestContextBootstrapper - Loaded default TestExecutionListener class names from location [META-INF/spring.factories]: [org.springframework.security.test.context.support.WithSecurityContextTestExecutionListener, org.springframework.security.test.context.support.ReactorContextTestExecutionListener, org.springframework.boot.test.autoconfigure.restdocs.RestDocsTestExecutionListener, org.springframework.boot.test.autoconfigure.web.client.MockRestServiceServerResetTestExecutionListener, org.springframework.boot.test.autoconfigure.web.servlet.MockMvcPrintOnlyOnFailureTestExecutionListener, org.springframework.boot.test.autoconfigure.web.servlet.WebDriverTestExecutionListener, org.springframework.boot.test.mock.mockito.MockitoTestExecutionListener, org.springframework.boot.test.mock.mockito.ResetMocksTestExecutionListener, org.springframework.test.context.web.ServletTestExecutionListener, org.springframework.test.context.support.DirtiesContextBeforeModesTestExecutionListener, org.springframework.test.context.support.DependencyInjectionTestExecutionListener, org.springframework.test.context.support.DirtiesContextTestExecutionListener, org.springframework.test.context.transaction.TransactionalTestExecutionListener, org.springframework.test.context.jdbc.SqlScriptsTestExecutionListener]
04:05:24.287 [Test worker] INFO org.springframework.boot.test.autoconfigure.web.servlet.WebMvcTestContextBootstrapper - Using TestExecutionListeners: [org.springframework.test.context.web.ServletTestExecutionListener@427dd3b6, org.springframework.test.context.support.DirtiesContextBeforeModesTestExecutionListener@5aa23713, org.springframework.boot.test.mock.mockito.MockitoTestExecutionListener@31f6f274, org.springframework.boot.test.autoconfigure.SpringBootDependencyInjectionTestExecutionListener@284539d3, org.springframework.test.context.support.DirtiesContextTestExecutionListener@489af0e, org.springframework.test.context.transaction.TransactionalTestExecutionListener@4f580a23, org.springframework.test.context.jdbc.SqlScriptsTestExecutionListener@49bb34ee, org.springframework.security.test.context.support.WithSecurityContextTestExecutionListener@48b107ab, org.springframework.security.test.context.support.ReactorContextTestExecutionListener@189206c, org.springframework.boot.test.autoconfigure.restdocs.RestDocsTestExecutionListener@e0f2b6c, org.springframework.boot.test.autoconfigure.web.client.MockRestServiceServerResetTestExecutionListener@1e037207, org.springframework.boot.test.autoconfigure.web.servlet.MockMvcPrintOnlyOnFailureTestExecutionListener@5e4fa233, org.springframework.boot.test.autoconfigure.web.servlet.WebDriverTestExecutionListener@160d73d6, org.springframework.boot.test.mock.mockito.ResetMocksTestExecutionListener@612e6e30]
04:05:24.290 [Test worker] DEBUG org.springframework.test.annotation.ProfileValueUtils - Retrieved @ProfileValueSourceConfiguration [null] for test class [com.chap2.book.springboot.web.HelloControllerTest]
04:05:24.294 [Test worker] DEBUG org.springframework.test.annotation.ProfileValueUtils - Retrieved ProfileValueSource type [class org.springframework.test.annotation.SystemProfileValueSource] for class [com.chap2.book.springboot.web.HelloControllerTest]
04:05:24.294 [Test worker] DEBUG org.springframework.test.annotation.ProfileValueUtils - Retrieved @ProfileValueSourceConfiguration [null] for test class [com.chap2.book.springboot.web.HelloControllerTest]
04:05:24.296 [Test worker] DEBUG org.springframework.test.annotation.ProfileValueUtils - Retrieved ProfileValueSource type [class org.springframework.test.annotation.SystemProfileValueSource] for class [com.chap2.book.springboot.web.HelloControllerTest]
04:05:24.302 [Test worker] DEBUG org.springframework.test.context.support.AbstractDirtiesContextTestExecutionListener - Before test class: context [DefaultTestContext@20b69fc2 testClass = HelloControllerTest, testInstance = [null], testMethod = [null], testException = [null], mergedContextConfiguration = [WebMergedContextConfiguration@9dfc162 testClass = HelloControllerTest, locations = '{}', classes = '{class com.chap2.book.springboot.Application}', contextInitializerClasses = '[]', activeProfiles = '{}', propertySourceLocations = '{}', propertySourceProperties = '{org.springframework.boot.test.autoconfigure.web.servlet.WebMvcTestContextBootstrapper=true}', contextCustomizers = set[org.springframework.boot.test.autoconfigure.OverrideAutoConfigurationContextCustomizerFactory$DisableAutoConfigurationContextCustomizer@2fabd2b, org.springframework.boot.test.autoconfigure.filter.TypeExcludeFiltersContextCustomizer@c7af6166, org.springframework.boot.test.autoconfigure.properties.PropertyMappingContextCustomizer@fbe1addd, org.springframework.boot.test.autoconfigure.web.servlet.WebDriverContextCustomizerFactory$Customizer@34bba9bd, [ImportsContextCustomizer@2f8005ff key = [org.springframework.boot.autoconfigure.cache.CacheAutoConfiguration, org.springframework.boot.autoconfigure.context.MessageSourceAutoConfiguration, org.springframework.boot.autoconfigure.data.web.SpringDataWebAutoConfiguration, org.springframework.boot.autoconfigure.freemarker.FreeMarkerAutoConfiguration, org.springframework.boot.autoconfigure.groovy.template.GroovyTemplateAutoConfiguration, org.springframework.boot.autoconfigure.gson.GsonAutoConfiguration, org.springframework.boot.autoconfigure.hateoas.HypermediaAutoConfiguration, org.springframework.boot.autoconfigure.http.HttpMessageConvertersAutoConfiguration, org.springframework.boot.autoconfigure.jackson.JacksonAutoConfiguration, org.springframework.boot.autoconfigure.jsonb.JsonbAutoConfiguration, org.springframework.boot.autoconfigure.mustache.MustacheAutoConfiguration, org.springframework.boot.autoconfigure.task.TaskExecutionAutoConfiguration, org.springframework.boot.autoconfigure.thymeleaf.ThymeleafAutoConfiguration, org.springframework.boot.autoconfigure.validation.ValidationAutoConfiguration, org.springframework.boot.autoconfigure.web.servlet.error.ErrorMvcAutoConfiguration, org.springframework.boot.autoconfigure.web.servlet.WebMvcAutoConfiguration, org.springframework.boot.test.autoconfigure.web.servlet.MockMvcAutoConfiguration, org.springframework.boot.test.autoconfigure.web.servlet.MockMvcSecurityAutoConfiguration, org.springframework.boot.test.autoconfigure.web.servlet.MockMvcWebClientAutoConfiguration, org.springframework.boot.test.autoconfigure.web.servlet.MockMvcWebDriverAutoConfiguration]], org.springframework.boot.test.context.filter.ExcludeFilterContextCustomizer@3a119e92, org.springframework.boot.test.json.DuplicateJsonObjectContextCustomizerFactory$DuplicateJsonObjectContextCustomizer@1de4b6f7, org.springframework.boot.test.mock.mockito.MockitoContextCustomizer@0], resourceBasePath = 'src/main/webapp', contextLoader = 'org.springframework.boot.test.context.SpringBootContextLoader', parent = [null]], attributes = map[[empty]]], class annotated with @DirtiesContext [false] with mode [null].
04:05:24.302 [Test worker] DEBUG org.springframework.test.annotation.ProfileValueUtils - Retrieved @ProfileValueSourceConfiguration [null] for test class [com.chap2.book.springboot.web.HelloControllerTest]
04:05:24.303 [Test worker] DEBUG org.springframework.test.annotation.ProfileValueUtils - Retrieved ProfileValueSource type [class org.springframework.test.annotation.SystemProfileValueSource] for class [com.chap2.book.springboot.web.HelloControllerTest]
04:05:24.310 [Test worker] DEBUG org.springframework.test.context.support.DependencyInjectionTestExecutionListener - Performing dependency injection for test context [[DefaultTestContext@20b69fc2 testClass = HelloControllerTest, testInstance = com.chap2.book.springboot.web.HelloControllerTest@2522e2b, testMethod = [null], testException = [null], mergedContextConfiguration = [WebMergedContextConfiguration@9dfc162 testClass = HelloControllerTest, locations = '{}', classes = '{class com.chap2.book.springboot.Application}', contextInitializerClasses = '[]', activeProfiles = '{}', propertySourceLocations = '{}', propertySourceProperties = '{org.springframework.boot.test.autoconfigure.web.servlet.WebMvcTestContextBootstrapper=true}', contextCustomizers = set[org.springframework.boot.test.autoconfigure.OverrideAutoConfigurationContextCustomizerFactory$DisableAutoConfigurationContextCustomizer@2fabd2b, org.springframework.boot.test.autoconfigure.filter.TypeExcludeFiltersContextCustomizer@c7af6166, org.springframework.boot.test.autoconfigure.properties.PropertyMappingContextCustomizer@fbe1addd, org.springframework.boot.test.autoconfigure.web.servlet.WebDriverContextCustomizerFactory$Customizer@34bba9bd, [ImportsContextCustomizer@2f8005ff key = [org.springframework.boot.autoconfigure.cache.CacheAutoConfiguration, org.springframework.boot.autoconfigure.context.MessageSourceAutoConfiguration, org.springframework.boot.autoconfigure.data.web.SpringDataWebAutoConfiguration, org.springframework.boot.autoconfigure.freemarker.FreeMarkerAutoConfiguration, org.springframework.boot.autoconfigure.groovy.template.GroovyTemplateAutoConfiguration, org.springframework.boot.autoconfigure.gson.GsonAutoConfiguration, org.springframework.boot.autoconfigure.hateoas.HypermediaAutoConfiguration, org.springframework.boot.autoconfigure.http.HttpMessageConvertersAutoConfiguration, org.springframework.boot.autoconfigure.jackson.JacksonAutoConfiguration, org.springframework.boot.autoconfigure.jsonb.JsonbAutoConfiguration, org.springframework.boot.autoconfigure.mustache.MustacheAutoConfiguration, org.springframework.boot.autoconfigure.task.TaskExecutionAutoConfiguration, org.springframework.boot.autoconfigure.thymeleaf.ThymeleafAutoConfiguration, org.springframework.boot.autoconfigure.validation.ValidationAutoConfiguration, org.springframework.boot.autoconfigure.web.servlet.error.ErrorMvcAutoConfiguration, org.springframework.boot.autoconfigure.web.servlet.WebMvcAutoConfiguration, org.springframework.boot.test.autoconfigure.web.servlet.MockMvcAutoConfiguration, org.springframework.boot.test.autoconfigure.web.servlet.MockMvcSecurityAutoConfiguration, org.springframework.boot.test.autoconfigure.web.servlet.MockMvcWebClientAutoConfiguration, org.springframework.boot.test.autoconfigure.web.servlet.MockMvcWebDriverAutoConfiguration]], org.springframework.boot.test.context.filter.ExcludeFilterContextCustomizer@3a119e92, org.springframework.boot.test.json.DuplicateJsonObjectContextCustomizerFactory$DuplicateJsonObjectContextCustomizer@1de4b6f7, org.springframework.boot.test.mock.mockito.MockitoContextCustomizer@0], resourceBasePath = 'src/main/webapp', contextLoader = 'org.springframework.boot.test.context.SpringBootContextLoader', parent = [null]], attributes = map[[empty]]]].
04:05:24.425 [Test worker] DEBUG org.springframework.test.context.support.TestPropertySourceUtils - Adding inlined properties to environment: {spring.jmx.enabled=false, org.springframework.boot.test.autoconfigure.web.servlet.WebMvcTestContextBootstrapper=true, server.port=-1}

  .   ____          _            __ _ _
 /\\ / ___'_ __ _ _(_)_ __  __ _ \ \ \ \
( ( )\___ | '_ | '_| | '_ \/ _` | \ \ \ \
 \\/  ___)| |_)| | | | | || (_| |  ) ) ) )
  '  |____| .__|_| |_|_| |_\__, | / / / /
 =========|_|==============|___/=/_/_/_/
 :: Spring Boot ::        (v2.1.7.RELEASE)

2021-08-01 04:05:24.975  INFO 22991 --- [    Test worker] c.c.b.s.web.HelloControllerTest          : Starting HelloControllerTest on Jinseoui-MacBookAir.local with PID 22991 (started by james in /Users/james/Desktop/springboot_workspace)
2021-08-01 04:05:24.984  INFO 22991 --- [    Test worker] c.c.b.s.web.HelloControllerTest          : No active profile set, falling back to default profiles: default
2021-08-01 04:05:27.284  INFO 22991 --- [    Test worker] o.s.s.concurrent.ThreadPoolTaskExecutor  : Initializing ExecutorService 'applicationTaskExecutor'
2021-08-01 04:05:27.490  INFO 22991 --- [    Test worker] o.s.b.a.w.s.WelcomePageHandlerMapping    : Adding welcome page template: index
2021-08-01 04:05:28.071  INFO 22991 --- [    Test worker] .s.s.UserDetailsServiceAutoConfiguration : 

Using generated security password: 5f8e7e60-9a1b-4079-b290-4dac4469660f

2021-08-01 04:05:28.230  INFO 22991 --- [    Test worker] o.s.s.web.DefaultSecurityFilterChain     : Creating filter chain: any request, [org.springframework.security.web.context.request.async.WebAsyncManagerIntegrationFilter@73c86a3d, org.springframework.security.web.context.SecurityContextPersistenceFilter@73c36032, org.springframework.security.web.header.HeaderWriterFilter@168d14a5, org.springframework.security.web.csrf.CsrfFilter@29c976ae, org.springframework.security.web.authentication.logout.LogoutFilter@2740ee8a, org.springframework.security.web.authentication.UsernamePasswordAuthenticationFilter@331cfe33, org.springframework.security.web.authentication.ui.DefaultLoginPageGeneratingFilter@7095c29c, org.springframework.security.web.authentication.ui.DefaultLogoutPageGeneratingFilter@25142f46, org.springframework.security.web.authentication.www.BasicAuthenticationFilter@ec876b8, org.springframework.security.web.savedrequest.RequestCacheAwareFilter@23bc16e9, org.springframework.security.web.servletapi.SecurityContextHolderAwareRequestFilter@196c9ff0, org.springframework.security.web.authentication.AnonymousAuthenticationFilter@36e2b91c, org.springframework.security.web.session.SessionManagementFilter@309d508f, org.springframework.security.web.access.ExceptionTranslationFilter@66840428, org.springframework.security.web.access.intercept.FilterSecurityInterceptor@6a5ca3fc]
2021-08-01 04:05:28.281  INFO 22991 --- [    Test worker] o.s.b.t.m.w.SpringBootMockServletContext : Initializing Spring TestDispatcherServlet ''
2021-08-01 04:05:28.282  INFO 22991 --- [    Test worker] o.s.t.web.servlet.TestDispatcherServlet  : Initializing Servlet ''
2021-08-01 04:05:28.300  INFO 22991 --- [    Test worker] o.s.t.web.servlet.TestDispatcherServlet  : Completed initialization in 18 ms
2021-08-01 04:05:28.385  INFO 22991 --- [    Test worker] c.c.b.s.web.HelloControllerTest          : Started HelloControllerTest in 3.95 seconds (JVM running for 5.394)
]]></system-out>
  <system-err><![CDATA[]]></system-err>
</testsuite>
