<?xml version="1.0" encoding="UTF-8"?>
<testsuite name="com.chap2.book.springboot.web.HelloControllerTest" tests="2" skipped="0" failures="0" errors="0" timestamp="2021-07-29T20:28:00" hostname="Jinseoui-MacBookAir.local" time="0.205">
  <properties/>
  <testcase name="hello가_리턴된다" classname="com.chap2.book.springboot.web.HelloControllerTest" time="0.103"/>
  <testcase name="helloDto가_리턴된다" classname="com.chap2.book.springboot.web.HelloControllerTest" time="0.091"/>
  <system-out><![CDATA[2021-07-30 05:27:59.110  INFO 19399 --- [    Test worker] .b.t.a.w.s.WebMvcTestContextBootstrapper : Neither @ContextConfiguration nor @ContextHierarchy found for test class [com.chap2.book.springboot.web.HelloControllerTest], using SpringBootContextLoader
2021-07-30 05:27:59.112  INFO 19399 --- [    Test worker] o.s.t.c.support.AbstractContextLoader    : Could not detect default resource locations for test class [com.chap2.book.springboot.web.HelloControllerTest]: no resource found for suffixes {-context.xml, Context.groovy}.
2021-07-30 05:27:59.112  INFO 19399 --- [    Test worker] t.c.s.AnnotationConfigContextLoaderUtils : Could not detect default configuration classes for test class [com.chap2.book.springboot.web.HelloControllerTest]: HelloControllerTest does not declare any static, non-private, non-final, nested classes annotated with @Configuration.
2021-07-30 05:27:59.152  INFO 19399 --- [    Test worker] .b.t.c.SpringBootTestContextBootstrapper : Found @SpringBootConfiguration com.chap2.book.springboot.Application for test class com.chap2.book.springboot.web.HelloControllerTest
2021-07-30 05:27:59.154  INFO 19399 --- [    Test worker] .b.t.a.w.s.WebMvcTestContextBootstrapper : Loaded default TestExecutionListener class names from location [META-INF/spring.factories]: [org.springframework.security.test.context.support.WithSecurityContextTestExecutionListener, org.springframework.security.test.context.support.ReactorContextTestExecutionListener, org.springframework.boot.test.autoconfigure.restdocs.RestDocsTestExecutionListener, org.springframework.boot.test.autoconfigure.web.client.MockRestServiceServerResetTestExecutionListener, org.springframework.boot.test.autoconfigure.web.servlet.MockMvcPrintOnlyOnFailureTestExecutionListener, org.springframework.boot.test.autoconfigure.web.servlet.WebDriverTestExecutionListener, org.springframework.boot.test.mock.mockito.MockitoTestExecutionListener, org.springframework.boot.test.mock.mockito.ResetMocksTestExecutionListener, org.springframework.test.context.web.ServletTestExecutionListener, org.springframework.test.context.support.DirtiesContextBeforeModesTestExecutionListener, org.springframework.test.context.support.DependencyInjectionTestExecutionListener, org.springframework.test.context.support.DirtiesContextTestExecutionListener, org.springframework.test.context.transaction.TransactionalTestExecutionListener, org.springframework.test.context.jdbc.SqlScriptsTestExecutionListener]
2021-07-30 05:27:59.159  INFO 19399 --- [    Test worker] .b.t.a.w.s.WebMvcTestContextBootstrapper : Using TestExecutionListeners: [org.springframework.test.context.web.ServletTestExecutionListener@31b2dacb, org.springframework.test.context.support.DirtiesContextBeforeModesTestExecutionListener@451a8de1, org.springframework.boot.test.mock.mockito.MockitoTestExecutionListener@26cb14a3, org.springframework.boot.test.autoconfigure.SpringBootDependencyInjectionTestExecutionListener@f190fd0, org.springframework.test.context.support.DirtiesContextTestExecutionListener@285af87a, org.springframework.test.context.transaction.TransactionalTestExecutionListener@39be1d15, org.springframework.test.context.jdbc.SqlScriptsTestExecutionListener@472e788d, org.springframework.security.test.context.support.WithSecurityContextTestExecutionListener@e8837, org.springframework.security.test.context.support.ReactorContextTestExecutionListener@7fe82964, org.springframework.boot.test.autoconfigure.restdocs.RestDocsTestExecutionListener@3677d539, org.springframework.boot.test.autoconfigure.web.client.MockRestServiceServerResetTestExecutionListener@229296a, org.springframework.boot.test.autoconfigure.web.servlet.MockMvcPrintOnlyOnFailureTestExecutionListener@76924628, org.springframework.boot.test.autoconfigure.web.servlet.WebDriverTestExecutionListener@488fe297, org.springframework.boot.test.mock.mockito.ResetMocksTestExecutionListener@40d938a2]

  .   ____          _            __ _ _
 /\\ / ___'_ __ _ _(_)_ __  __ _ \ \ \ \
( ( )\___ | '_ | '_| | '_ \/ _` | \ \ \ \
 \\/  ___)| |_)| | | | | || (_| |  ) ) ) )
  '  |____| .__|_| |_|_| |_\__, | / / / /
 =========|_|==============|___/=/_/_/_/
 :: Spring Boot ::        (v2.1.7.RELEASE)

2021-07-30 05:27:59.234  INFO 19399 --- [    Test worker] c.c.b.s.web.HelloControllerTest          : Starting HelloControllerTest on Jinseoui-MacBookAir.local with PID 19399 (started by james in /Users/james/Desktop/springboot_workspace)
2021-07-30 05:27:59.241  INFO 19399 --- [    Test worker] c.c.b.s.web.HelloControllerTest          : No active profile set, falling back to default profiles: default
2021-07-30 05:28:00.297  INFO 19399 --- [    Test worker] o.s.s.concurrent.ThreadPoolTaskExecutor  : Initializing ExecutorService 'applicationTaskExecutor'
2021-07-30 05:28:00.356  INFO 19399 --- [    Test worker] o.s.b.a.w.s.WelcomePageHandlerMapping    : Adding welcome page template: index
2021-07-30 05:28:00.588  INFO 19399 --- [    Test worker] .s.s.UserDetailsServiceAutoConfiguration : 

Using generated security password: b239d207-7589-4213-bb3a-46e52271bab7

2021-07-30 05:28:00.663  INFO 19399 --- [    Test worker] o.s.s.web.DefaultSecurityFilterChain     : Creating filter chain: any request, [org.springframework.security.web.context.request.async.WebAsyncManagerIntegrationFilter@41614a7c, org.springframework.security.web.context.SecurityContextPersistenceFilter@6d133b2f, org.springframework.security.web.header.HeaderWriterFilter@38ea5fe1, org.springframework.security.web.csrf.CsrfFilter@4bc3b136, org.springframework.security.web.authentication.logout.LogoutFilter@64fc35e9, org.springframework.security.web.authentication.UsernamePasswordAuthenticationFilter@555bbafb, org.springframework.security.web.authentication.ui.DefaultLoginPageGeneratingFilter@8c552c, org.springframework.security.web.authentication.ui.DefaultLogoutPageGeneratingFilter@715fe4cd, org.springframework.security.web.authentication.www.BasicAuthenticationFilter@408be7ad, org.springframework.security.web.savedrequest.RequestCacheAwareFilter@34c53955, org.springframework.security.web.servletapi.SecurityContextHolderAwareRequestFilter@5e3a7d7b, org.springframework.security.web.authentication.AnonymousAuthenticationFilter@6ef6d3c4, org.springframework.security.web.session.SessionManagementFilter@6e7603cb, org.springframework.security.web.access.ExceptionTranslationFilter@138950c8, org.springframework.security.web.access.intercept.FilterSecurityInterceptor@a741a8b]
2021-07-30 05:28:00.682  INFO 19399 --- [    Test worker] o.s.b.t.m.w.SpringBootMockServletContext : Initializing Spring TestDispatcherServlet ''
2021-07-30 05:28:00.684  INFO 19399 --- [    Test worker] o.s.t.web.servlet.TestDispatcherServlet  : Initializing Servlet ''
2021-07-30 05:28:00.707  INFO 19399 --- [    Test worker] o.s.t.web.servlet.TestDispatcherServlet  : Completed initialization in 21 ms
2021-07-30 05:28:00.776  INFO 19399 --- [    Test worker] c.c.b.s.web.HelloControllerTest          : Started HelloControllerTest in 1.589 seconds (JVM running for 13.574)
]]></system-out>
  <system-err><![CDATA[]]></system-err>
</testsuite>
