<?xml version="1.0" encoding="UTF-8"?>
<testsuite name="com.chap2.book.springboot.web.HelloControllerTest" tests="2" skipped="0" failures="0" errors="0" timestamp="2021-07-30T18:08:56" hostname="Jinseoui-MacBookAir.local" time="0.309">
  <properties/>
  <testcase name="hello가_리턴된다" classname="com.chap2.book.springboot.web.HelloControllerTest" time="0.194"/>
  <testcase name="helloDto가_리턴된다" classname="com.chap2.book.springboot.web.HelloControllerTest" time="0.112"/>
  <system-out><![CDATA[03:08:51.600 [Test worker] DEBUG org.springframework.test.context.junit4.SpringJUnit4ClassRunner - SpringJUnit4ClassRunner constructor called with [class com.chap2.book.springboot.web.HelloControllerTest]
03:08:51.606 [Test worker] DEBUG org.springframework.test.context.BootstrapUtils - Instantiating CacheAwareContextLoaderDelegate from class [org.springframework.test.context.cache.DefaultCacheAwareContextLoaderDelegate]
03:08:51.611 [Test worker] DEBUG org.springframework.test.context.BootstrapUtils - Instantiating BootstrapContext using constructor [public org.springframework.test.context.support.DefaultBootstrapContext(java.lang.Class,org.springframework.test.context.CacheAwareContextLoaderDelegate)]
03:08:51.647 [Test worker] DEBUG org.springframework.test.context.BootstrapUtils - Instantiating TestContextBootstrapper for test class [com.chap2.book.springboot.web.HelloControllerTest] from class [org.springframework.boot.test.autoconfigure.web.servlet.WebMvcTestContextBootstrapper]
03:08:51.664 [Test worker] INFO org.springframework.boot.test.autoconfigure.web.servlet.WebMvcTestContextBootstrapper - Neither @ContextConfiguration nor @ContextHierarchy found for test class [com.chap2.book.springboot.web.HelloControllerTest], using SpringBootContextLoader
03:08:51.666 [Test worker] DEBUG org.springframework.test.context.support.AbstractContextLoader - Did not detect default resource location for test class [com.chap2.book.springboot.web.HelloControllerTest]: class path resource [com/chap2/book/springboot/web/HelloControllerTest-context.xml] does not exist
03:08:51.666 [Test worker] DEBUG org.springframework.test.context.support.AbstractContextLoader - Did not detect default resource location for test class [com.chap2.book.springboot.web.HelloControllerTest]: class path resource [com/chap2/book/springboot/web/HelloControllerTestContext.groovy] does not exist
03:08:51.666 [Test worker] INFO org.springframework.test.context.support.AbstractContextLoader - Could not detect default resource locations for test class [com.chap2.book.springboot.web.HelloControllerTest]: no resource found for suffixes {-context.xml, Context.groovy}.
03:08:51.668 [Test worker] INFO org.springframework.test.context.support.AnnotationConfigContextLoaderUtils - Could not detect default configuration classes for test class [com.chap2.book.springboot.web.HelloControllerTest]: HelloControllerTest does not declare any static, non-private, non-final, nested classes annotated with @Configuration.
03:08:51.787 [Test worker] DEBUG org.springframework.test.context.support.ActiveProfilesUtils - Could not find an 'annotation declaring class' for annotation type [org.springframework.test.context.ActiveProfiles] and class [com.chap2.book.springboot.web.HelloControllerTest]
03:08:51.896 [Test worker] DEBUG org.springframework.context.annotation.ClassPathScanningCandidateComponentProvider - Identified candidate component class: file [/Users/james/Desktop/springboot_workspace/build/classes/java/main/com/chap2/book/springboot/Application.class]
03:08:51.903 [Test worker] INFO org.springframework.boot.test.context.SpringBootTestContextBootstrapper - Found @SpringBootConfiguration com.chap2.book.springboot.Application for test class com.chap2.book.springboot.web.HelloControllerTest
03:08:51.907 [Test worker] DEBUG org.springframework.boot.test.autoconfigure.web.servlet.WebMvcTestContextBootstrapper - @TestExecutionListeners is not present for class [com.chap2.book.springboot.web.HelloControllerTest]: using defaults.
03:08:51.908 [Test worker] INFO org.springframework.boot.test.autoconfigure.web.servlet.WebMvcTestContextBootstrapper - Loaded default TestExecutionListener class names from location [META-INF/spring.factories]: [org.springframework.security.test.context.support.WithSecurityContextTestExecutionListener, org.springframework.security.test.context.support.ReactorContextTestExecutionListener, org.springframework.boot.test.autoconfigure.restdocs.RestDocsTestExecutionListener, org.springframework.boot.test.autoconfigure.web.client.MockRestServiceServerResetTestExecutionListener, org.springframework.boot.test.autoconfigure.web.servlet.MockMvcPrintOnlyOnFailureTestExecutionListener, org.springframework.boot.test.autoconfigure.web.servlet.WebDriverTestExecutionListener, org.springframework.boot.test.mock.mockito.MockitoTestExecutionListener, org.springframework.boot.test.mock.mockito.ResetMocksTestExecutionListener, org.springframework.test.context.web.ServletTestExecutionListener, org.springframework.test.context.support.DirtiesContextBeforeModesTestExecutionListener, org.springframework.test.context.support.DependencyInjectionTestExecutionListener, org.springframework.test.context.support.DirtiesContextTestExecutionListener, org.springframework.test.context.transaction.TransactionalTestExecutionListener, org.springframework.test.context.jdbc.SqlScriptsTestExecutionListener]
03:08:51.952 [Test worker] INFO org.springframework.boot.test.autoconfigure.web.servlet.WebMvcTestContextBootstrapper - Using TestExecutionListeners: [org.springframework.test.context.web.ServletTestExecutionListener@66b51118, org.springframework.test.context.support.DirtiesContextBeforeModesTestExecutionListener@60ca1ab5, org.springframework.boot.test.mock.mockito.MockitoTestExecutionListener@78a7d802, org.springframework.boot.test.autoconfigure.SpringBootDependencyInjectionTestExecutionListener@2e9d0dce, org.springframework.test.context.support.DirtiesContextTestExecutionListener@606ee4d4, org.springframework.test.context.transaction.TransactionalTestExecutionListener@50c155de, org.springframework.test.context.jdbc.SqlScriptsTestExecutionListener@1660f00c, org.springframework.security.test.context.support.WithSecurityContextTestExecutionListener@50556c73, org.springframework.security.test.context.support.ReactorContextTestExecutionListener@478a6ae9, org.springframework.boot.test.autoconfigure.restdocs.RestDocsTestExecutionListener@1dbfb863, org.springframework.boot.test.autoconfigure.web.client.MockRestServiceServerResetTestExecutionListener@ccedb48, org.springframework.boot.test.autoconfigure.web.servlet.MockMvcPrintOnlyOnFailureTestExecutionListener@77031856, org.springframework.boot.test.autoconfigure.web.servlet.WebDriverTestExecutionListener@634af97d, org.springframework.boot.test.mock.mockito.ResetMocksTestExecutionListener@35629d7]
03:08:51.955 [Test worker] DEBUG org.springframework.test.annotation.ProfileValueUtils - Retrieved @ProfileValueSourceConfiguration [null] for test class [com.chap2.book.springboot.web.HelloControllerTest]
03:08:51.958 [Test worker] DEBUG org.springframework.test.annotation.ProfileValueUtils - Retrieved ProfileValueSource type [class org.springframework.test.annotation.SystemProfileValueSource] for class [com.chap2.book.springboot.web.HelloControllerTest]
03:08:51.958 [Test worker] DEBUG org.springframework.test.annotation.ProfileValueUtils - Retrieved @ProfileValueSourceConfiguration [null] for test class [com.chap2.book.springboot.web.HelloControllerTest]
03:08:51.959 [Test worker] DEBUG org.springframework.test.annotation.ProfileValueUtils - Retrieved ProfileValueSource type [class org.springframework.test.annotation.SystemProfileValueSource] for class [com.chap2.book.springboot.web.HelloControllerTest]
03:08:51.964 [Test worker] DEBUG org.springframework.test.context.support.AbstractDirtiesContextTestExecutionListener - Before test class: context [DefaultTestContext@71d76e98 testClass = HelloControllerTest, testInstance = [null], testMethod = [null], testException = [null], mergedContextConfiguration = [WebMergedContextConfiguration@51154b6d testClass = HelloControllerTest, locations = '{}', classes = '{class com.chap2.book.springboot.Application}', contextInitializerClasses = '[]', activeProfiles = '{}', propertySourceLocations = '{}', propertySourceProperties = '{org.springframework.boot.test.autoconfigure.web.servlet.WebMvcTestContextBootstrapper=true}', contextCustomizers = set[org.springframework.boot.test.autoconfigure.OverrideAutoConfigurationContextCustomizerFactory$DisableAutoConfigurationContextCustomizer@783528b7, org.springframework.boot.test.autoconfigure.filter.TypeExcludeFiltersContextCustomizer@b1a96464, org.springframework.boot.test.autoconfigure.properties.PropertyMappingContextCustomizer@958fbbcf, org.springframework.boot.test.autoconfigure.web.servlet.WebDriverContextCustomizerFactory$Customizer@7186ddce, [ImportsContextCustomizer@55eea69e key = [org.springframework.boot.autoconfigure.cache.CacheAutoConfiguration, org.springframework.boot.autoconfigure.context.MessageSourceAutoConfiguration, org.springframework.boot.autoconfigure.data.web.SpringDataWebAutoConfiguration, org.springframework.boot.autoconfigure.freemarker.FreeMarkerAutoConfiguration, org.springframework.boot.autoconfigure.groovy.template.GroovyTemplateAutoConfiguration, org.springframework.boot.autoconfigure.gson.GsonAutoConfiguration, org.springframework.boot.autoconfigure.hateoas.HypermediaAutoConfiguration, org.springframework.boot.autoconfigure.http.HttpMessageConvertersAutoConfiguration, org.springframework.boot.autoconfigure.jackson.JacksonAutoConfiguration, org.springframework.boot.autoconfigure.jsonb.JsonbAutoConfiguration, org.springframework.boot.autoconfigure.mustache.MustacheAutoConfiguration, org.springframework.boot.autoconfigure.task.TaskExecutionAutoConfiguration, org.springframework.boot.autoconfigure.thymeleaf.ThymeleafAutoConfiguration, org.springframework.boot.autoconfigure.validation.ValidationAutoConfiguration, org.springframework.boot.autoconfigure.web.servlet.error.ErrorMvcAutoConfiguration, org.springframework.boot.autoconfigure.web.servlet.WebMvcAutoConfiguration, org.springframework.boot.test.autoconfigure.web.servlet.MockMvcAutoConfiguration, org.springframework.boot.test.autoconfigure.web.servlet.MockMvcSecurityAutoConfiguration, org.springframework.boot.test.autoconfigure.web.servlet.MockMvcWebClientAutoConfiguration, org.springframework.boot.test.autoconfigure.web.servlet.MockMvcWebDriverAutoConfiguration]], org.springframework.boot.test.context.filter.ExcludeFilterContextCustomizer@16be3f6c, org.springframework.boot.test.json.DuplicateJsonObjectContextCustomizerFactory$DuplicateJsonObjectContextCustomizer@77b3b68e, org.springframework.boot.test.mock.mockito.MockitoContextCustomizer@0], resourceBasePath = 'src/main/webapp', contextLoader = 'org.springframework.boot.test.context.SpringBootContextLoader', parent = [null]], attributes = map[[empty]]], class annotated with @DirtiesContext [false] with mode [null].
03:08:51.965 [Test worker] DEBUG org.springframework.test.annotation.ProfileValueUtils - Retrieved @ProfileValueSourceConfiguration [null] for test class [com.chap2.book.springboot.web.HelloControllerTest]
03:08:51.966 [Test worker] DEBUG org.springframework.test.annotation.ProfileValueUtils - Retrieved ProfileValueSource type [class org.springframework.test.annotation.SystemProfileValueSource] for class [com.chap2.book.springboot.web.HelloControllerTest]
03:08:51.972 [Test worker] DEBUG org.springframework.test.context.support.DependencyInjectionTestExecutionListener - Performing dependency injection for test context [[DefaultTestContext@71d76e98 testClass = HelloControllerTest, testInstance = com.chap2.book.springboot.web.HelloControllerTest@7cdd0ba8, testMethod = [null], testException = [null], mergedContextConfiguration = [WebMergedContextConfiguration@51154b6d testClass = HelloControllerTest, locations = '{}', classes = '{class com.chap2.book.springboot.Application}', contextInitializerClasses = '[]', activeProfiles = '{}', propertySourceLocations = '{}', propertySourceProperties = '{org.springframework.boot.test.autoconfigure.web.servlet.WebMvcTestContextBootstrapper=true}', contextCustomizers = set[org.springframework.boot.test.autoconfigure.OverrideAutoConfigurationContextCustomizerFactory$DisableAutoConfigurationContextCustomizer@783528b7, org.springframework.boot.test.autoconfigure.filter.TypeExcludeFiltersContextCustomizer@b1a96464, org.springframework.boot.test.autoconfigure.properties.PropertyMappingContextCustomizer@958fbbcf, org.springframework.boot.test.autoconfigure.web.servlet.WebDriverContextCustomizerFactory$Customizer@7186ddce, [ImportsContextCustomizer@55eea69e key = [org.springframework.boot.autoconfigure.cache.CacheAutoConfiguration, org.springframework.boot.autoconfigure.context.MessageSourceAutoConfiguration, org.springframework.boot.autoconfigure.data.web.SpringDataWebAutoConfiguration, org.springframework.boot.autoconfigure.freemarker.FreeMarkerAutoConfiguration, org.springframework.boot.autoconfigure.groovy.template.GroovyTemplateAutoConfiguration, org.springframework.boot.autoconfigure.gson.GsonAutoConfiguration, org.springframework.boot.autoconfigure.hateoas.HypermediaAutoConfiguration, org.springframework.boot.autoconfigure.http.HttpMessageConvertersAutoConfiguration, org.springframework.boot.autoconfigure.jackson.JacksonAutoConfiguration, org.springframework.boot.autoconfigure.jsonb.JsonbAutoConfiguration, org.springframework.boot.autoconfigure.mustache.MustacheAutoConfiguration, org.springframework.boot.autoconfigure.task.TaskExecutionAutoConfiguration, org.springframework.boot.autoconfigure.thymeleaf.ThymeleafAutoConfiguration, org.springframework.boot.autoconfigure.validation.ValidationAutoConfiguration, org.springframework.boot.autoconfigure.web.servlet.error.ErrorMvcAutoConfiguration, org.springframework.boot.autoconfigure.web.servlet.WebMvcAutoConfiguration, org.springframework.boot.test.autoconfigure.web.servlet.MockMvcAutoConfiguration, org.springframework.boot.test.autoconfigure.web.servlet.MockMvcSecurityAutoConfiguration, org.springframework.boot.test.autoconfigure.web.servlet.MockMvcWebClientAutoConfiguration, org.springframework.boot.test.autoconfigure.web.servlet.MockMvcWebDriverAutoConfiguration]], org.springframework.boot.test.context.filter.ExcludeFilterContextCustomizer@16be3f6c, org.springframework.boot.test.json.DuplicateJsonObjectContextCustomizerFactory$DuplicateJsonObjectContextCustomizer@77b3b68e, org.springframework.boot.test.mock.mockito.MockitoContextCustomizer@0], resourceBasePath = 'src/main/webapp', contextLoader = 'org.springframework.boot.test.context.SpringBootContextLoader', parent = [null]], attributes = map[[empty]]]].
03:08:52.082 [Test worker] DEBUG org.springframework.test.context.support.TestPropertySourceUtils - Adding inlined properties to environment: {spring.jmx.enabled=false, org.springframework.boot.test.autoconfigure.web.servlet.WebMvcTestContextBootstrapper=true, server.port=-1}

  .   ____          _            __ _ _
 /\\ / ___'_ __ _ _(_)_ __  __ _ \ \ \ \
( ( )\___ | '_ | '_| | '_ \/ _` | \ \ \ \
 \\/  ___)| |_)| | | | | || (_| |  ) ) ) )
  '  |____| .__|_| |_|_| |_\__, | / / / /
 =========|_|==============|___/=/_/_/_/
 :: Spring Boot ::        (v2.1.7.RELEASE)

2021-07-31 03:08:52.692  INFO 21087 --- [    Test worker] c.c.b.s.web.HelloControllerTest          : Starting HelloControllerTest on Jinseoui-MacBookAir.local with PID 21087 (started by james in /Users/james/Desktop/springboot_workspace)
2021-07-31 03:08:52.703  INFO 21087 --- [    Test worker] c.c.b.s.web.HelloControllerTest          : No active profile set, falling back to default profiles: default
2021-07-31 03:08:55.106  INFO 21087 --- [    Test worker] o.s.s.concurrent.ThreadPoolTaskExecutor  : Initializing ExecutorService 'applicationTaskExecutor'
2021-07-31 03:08:55.307  INFO 21087 --- [    Test worker] o.s.b.a.w.s.WelcomePageHandlerMapping    : Adding welcome page template: index
2021-07-31 03:08:55.915  INFO 21087 --- [    Test worker] .s.s.UserDetailsServiceAutoConfiguration : 

Using generated security password: 37fa10dd-439b-4b34-ae75-22133aab3145

2021-07-31 03:08:56.083  INFO 21087 --- [    Test worker] o.s.s.web.DefaultSecurityFilterChain     : Creating filter chain: any request, [org.springframework.security.web.context.request.async.WebAsyncManagerIntegrationFilter@5d443fdf, org.springframework.security.web.context.SecurityContextPersistenceFilter@216b6bb9, org.springframework.security.web.header.HeaderWriterFilter@3c74abe7, org.springframework.security.web.csrf.CsrfFilter@181f5b9b, org.springframework.security.web.authentication.logout.LogoutFilter@7bc5e081, org.springframework.security.web.authentication.UsernamePasswordAuthenticationFilter@1a40650c, org.springframework.security.web.authentication.ui.DefaultLoginPageGeneratingFilter@4a6f622b, org.springframework.security.web.authentication.ui.DefaultLogoutPageGeneratingFilter@45716a2d, org.springframework.security.web.authentication.www.BasicAuthenticationFilter@5bf47a23, org.springframework.security.web.savedrequest.RequestCacheAwareFilter@760ac43e, org.springframework.security.web.servletapi.SecurityContextHolderAwareRequestFilter@45816cb1, org.springframework.security.web.authentication.AnonymousAuthenticationFilter@20c85a35, org.springframework.security.web.session.SessionManagementFilter@23698241, org.springframework.security.web.access.ExceptionTranslationFilter@6cbbd415, org.springframework.security.web.access.intercept.FilterSecurityInterceptor@2060c8a9]
2021-07-31 03:08:56.141  INFO 21087 --- [    Test worker] o.s.b.t.m.w.SpringBootMockServletContext : Initializing Spring TestDispatcherServlet ''
2021-07-31 03:08:56.141  INFO 21087 --- [    Test worker] o.s.t.web.servlet.TestDispatcherServlet  : Initializing Servlet ''
2021-07-31 03:08:56.163  INFO 21087 --- [    Test worker] o.s.t.web.servlet.TestDispatcherServlet  : Completed initialization in 22 ms
2021-07-31 03:08:56.267  INFO 21087 --- [    Test worker] c.c.b.s.web.HelloControllerTest          : Started HelloControllerTest in 4.176 seconds (JVM running for 5.616)
]]></system-out>
  <system-err><![CDATA[]]></system-err>
</testsuite>
